1769342789: mosquitto version 2.0.22 starting
1769342789: Config loaded from /mosquitto/config/mosquitto.conf.
1769342789: Opening ipv4 listen socket on port 1883.
1769342789: Opening ipv6 listen socket on port 1883.
1769342789: Opening websockets listen socket on port 9001.
1769342789: mosquitto version 2.0.22 running
1769342832: New connection from ::1:49910 on port 1883.
1769342832: New client connected from ::1:49910 as auto-7D6F6014-499A-947F-A3C9-027225815E1D (p2, c1, k60).
1769342833: New connection from ::1:49920 on port 1883.
1769342833: New client connected from ::1:49920 as auto-F28D768F-1DA2-4BF4-E894-9036228C9E36 (p2, c1, k60).
1769342833: Client auto-F28D768F-1DA2-4BF4-E894-9036228C9E36 disconnected.
1769342833: Client auto-7D6F6014-499A-947F-A3C9-027225815E1D disconnected.
1769343114: New connection from ::1:60904 on port 1883.
1769343114: New client connected from ::1:60904 as auto-51AE6A4F-12F4-AE64-4062-913700913C7F (p2, c1, k60).
1769343115: New connection from 172.26.0.1:57038 on port 1883.
1769343115: New client connected from 172.26.0.1:57038 as kiosk-nodered (p1, c1, k60).
1769343115: Client auto-51AE6A4F-12F4-AE64-4062-913700913C7F disconnected.
1769344589: Saving in-memory database to /mosquitto/data//mosquitto.db.
1769345812: Client kiosk-nodered disconnected.
1769345930: New connection from ::1:44848 on port 1883.
1769345930: New client connected from ::1:44848 as auto-E977C0EA-B639-8F12-5446-7441D43A3F6F (p2, c1, k60).
1769345930: New connection from 172.26.0.1:55826 on port 1883.
1769345931: New client connected from 172.26.0.1:55826 as kiosk-nodered (p1, c1, k60).
1769345941: Client auto-E977C0EA-B639-8F12-5446-7441D43A3F6F disconnected.
1769345945: New connection from ::1:50508 on port 1883.
1769345945: New client connected from ::1:50508 as auto-6BF3B04C-0AB2-D354-CAA7-FB70FD22226F (p2, c1, k60).
1769345946: New connection from ::1:50522 on port 1883.
1769345946: New client connected from ::1:50522 as auto-1ED778AE-5509-1249-1EDB-A67F35FFF639 (p2, c1, k60).
1769345946: Client auto-1ED778AE-5509-1249-1EDB-A67F35FFF639 disconnected.
1769345946: Client auto-6BF3B04C-0AB2-D354-CAA7-FB70FD22226F disconnected.
1769345952: New connection from ::1:60682 on port 1883.
1769345952: New client connected from ::1:60682 as auto-96E613D4-1986-E2FD-CC2D-06D697ABAE4E (p2, c1, k60).
1769345953: New connection from ::1:60688 on port 1883.
1769345953: New client connected from ::1:60688 as auto-A473149D-0193-AF1F-21A4-6FFD346BC7D5 (p2, c1, k60).
1769345953: Client auto-A473149D-0193-AF1F-21A4-6FFD346BC7D5 disconnected.
1769345974: New connection from ::1:42834 on port 1883.
1769345974: New client connected from ::1:42834 as auto-1B746C6C-3585-61F8-2D10-89E2C7D39792 (p2, c1, k60).
1769345975: New connection from ::1:42836 on port 1883.
1769345975: New client connected from ::1:42836 as auto-A109853E-4DDF-1CED-0C6A-5EB8AD7A4437 (p2, c1, k60).
1769345975: Client auto-A109853E-4DDF-1CED-0C6A-5EB8AD7A4437 disconnected.
1769345976: Client auto-96E613D4-1986-E2FD-CC2D-06D697ABAE4E disconnected.
1769345976: Client auto-1B746C6C-3585-61F8-2D10-89E2C7D39792 disconnected.
1769346390: Saving in-memory database to /mosquitto/data//mosquitto.db.
1769347065: Client kiosk-nodered disconnected.
1769347118: New connection from 172.26.0.1:59082 on port 1883.
1769347118: New client connected from 172.26.0.1:59082 as kiosk-nodered (p1, c1, k60).
1769347122: New connection from ::1:37910 on port 1883.
1769347122: New client connected from ::1:37910 as auto-969DC71A-B14B-E151-381C-BDEAB970363F (p2, c1, k60).
1769347122: Client auto-969DC71A-B14B-E151-381C-BDEAB970363F disconnected.
1769347133: New connection from ::1:49766 on port 1883.
1769347133: New client connected from ::1:49766 as auto-3C50485B-1D3C-C719-CD4F-3E3EC48FDC74 (p2, c1, k60).
1769347133: Client auto-3C50485B-1D3C-C719-CD4F-3E3EC48FDC74 disconnected.
1769347146: New connection from ::1:59448 on port 1883.
1769347146: New client connected from ::1:59448 as auto-64AC1841-4D19-0196-001C-33F9336C2251 (p2, c1, k60).
1769347146: Client auto-64AC1841-4D19-0196-001C-33F9336C2251 disconnected.
1769347151: New connection from ::1:54876 on port 1883.
1769347151: New client connected from ::1:54876 as auto-9BB6D2A4-CD70-57FB-E022-008CF60504D4 (p2, c1, k60).
1769347151: Client auto-9BB6D2A4-CD70-57FB-E022-008CF60504D4 disconnected.
1769347155: New connection from ::1:54886 on port 1883.
1769347155: New client connected from ::1:54886 as auto-98D7DDC8-3558-C6E2-5A8D-A4B2BBC009B5 (p2, c1, k60).
1769347175: Client auto-98D7DDC8-3558-C6E2-5A8D-A4B2BBC009B5 disconnected.
1769347180: New connection from ::1:54758 on port 1883.
1769347180: New client connected from ::1:54758 as auto-801F5E2D-8D4D-C67C-33EA-9C2B0ED64959 (p2, c1, k60).
1769347188: Client auto-801F5E2D-8D4D-C67C-33EA-9C2B0ED64959 disconnected.
1769347194: New connection from ::1:33416 on port 1883.
1769347194: New client connected from ::1:33416 as auto-A2907144-0799-6A0C-2863-02D3083B4E80 (p2, c1, k60).
1769347195: New connection from ::1:33426 on port 1883.
1769347195: New client connected from ::1:33426 as auto-2FAEE3C8-73E5-85EB-E6C9-9EF9294D561B (p2, c1, k60).
1769347195: Client auto-2FAEE3C8-73E5-85EB-E6C9-9EF9294D561B disconnected.
1769347195: Client auto-A2907144-0799-6A0C-2863-02D3083B4E80 disconnected.
1769347208: Client kiosk-nodered disconnected.
1769347231: New connection from 172.26.0.1:64070 on port 1883.
1769347231: New client connected from 172.26.0.1:64070 as kiosk-nodered (p1, c1, k60).
1769347233: New connection from ::1:57508 on port 1883.
1769347233: New client connected from ::1:57508 as auto-C7E241D7-24A3-FEF6-E5A4-67E9BED7F2F3 (p2, c1, k60).
1769347234: New connection from ::1:57522 on port 1883.
1769347234: New client connected from ::1:57522 as auto-A1264D72-C29C-D8DB-8BFB-7AE4508FBEF0 (p2, c1, k60).
1769347234: Client auto-A1264D72-C29C-D8DB-8BFB-7AE4508FBEF0 disconnected.
1769347234: Client auto-C7E241D7-24A3-FEF6-E5A4-67E9BED7F2F3 disconnected.
1769347240: New connection from ::1:54540 on port 1883.
1769347240: New client connected from ::1:54540 as auto-7B641A89-CF19-C864-733B-3581F595E44A (p2, c1, k60).
1769347241: New connection from ::1:54544 on port 1883.
1769347241: New client connected from ::1:54544 as auto-95708AD8-EB54-4FFF-A1E6-0791A862D9AB (p2, c1, k60).
1769347241: Client auto-95708AD8-EB54-4FFF-A1E6-0791A862D9AB disconnected.
1769347241: Client auto-7B641A89-CF19-C864-733B-3581F595E44A disconnected.
1769348191: Saving in-memory database to /mosquitto/data//mosquitto.db.
1769349525: mosquitto version 2.0.22 terminating
1769349525: Saving in-memory database to /mosquitto/data//mosquitto.db.
1769349526: mosquitto version 2.0.22 starting
1769349526: Config loaded from /mosquitto/config/mosquitto.conf.
1769349526: Error: Unable to open pwfile "/mosquitto/config/passwords".
1769349526: Error opening password file "/mosquitto/config/passwords".
1769349527: mosquitto version 2.0.22 starting
1769349527: Config loaded from /mosquitto/config/mosquitto.conf.
1769349527: Error: Unable to open pwfile "/mosquitto/config/passwords".
1769349527: Error opening password file "/mosquitto/config/passwords".
1769349528: mosquitto version 2.0.22 starting
1769349528: Config loaded from /mosquitto/config/mosquitto.conf.
1769349528: Error: Unable to open pwfile "/mosquitto/config/passwords".
1769349528: Error opening password file "/mosquitto/config/passwords".
1769349529: mosquitto version 2.0.22 starting
1769349529: Config loaded from /mosquitto/config/mosquitto.conf.
1769349529: Error: Unable to open pwfile "/mosquitto/config/passwords".
1769349529: Error opening password file "/mosquitto/config/passwords".
1769349530: mosquitto version 2.0.22 starting
1769349530: Config loaded from /mosquitto/config/mosquitto.conf.
1769349530: Error: Unable to open pwfile "/mosquitto/config/passwords".
1769349530: Error opening password file "/mosquitto/config/passwords".
1769349532: mosquitto version 2.0.22 starting
1769349532: Config loaded from /mosquitto/config/mosquitto.conf.
1769349532: Error: Unable to open pwfile "/mosquitto/config/passwords".
1769349532: Error opening password file "/mosquitto/config/passwords".
1769349535: mosquitto version 2.0.22 starting
1769349535: Config loaded from /mosquitto/config/mosquitto.conf.
1769349535: Error: Unable to open pwfile "/mosquitto/config/passwords".
1769349535: Error opening password file "/mosquitto/config/passwords".
1769349542: mosquitto version 2.0.22 starting
1769349542: Config loaded from /mosquitto/config/mosquitto.conf.
1769349542: Opening ipv4 listen socket on port 1883.
1769349542: Opening ipv6 listen socket on port 1883.
1769349542: Opening websockets listen socket on port 9001.
1769349542: mosquitto version 2.0.22 running
1769349545: mosquitto version 2.0.22 terminating
1769349545: Saving in-memory database to /mosquitto/data//mosquitto.db.
1769349546: mosquitto version 2.0.22 starting
1769349546: Config loaded from /mosquitto/config/mosquitto.conf.
1769349546: Opening ipv4 listen socket on port 1883.
1769349546: Opening ipv6 listen socket on port 1883.
1769349546: Opening websockets listen socket on port 9001.
1769349546: mosquitto version 2.0.22 running
1769349555: New connection from 172.26.0.1:58208 on port 1883.
1769349555: Client kiosk-nodered disconnected, not authorised.
1769349570: New connection from 172.26.0.1:56390 on port 1883.
1769349570: Client kiosk-nodered disconnected, not authorised.
1769349585: New connection from 172.26.0.1:57064 on port 1883.
1769349585: Client kiosk-nodered disconnected, not authorised.
1769349621: mosquitto version 2.0.22 terminating
1769349621: Saving in-memory database to /mosquitto/data//mosquitto.db.
1769349622: mosquitto version 2.0.22 starting
1769349622: Config loaded from /mosquitto/config/mosquitto.conf.
1769349622: Opening ipv4 listen socket on port 1883.
1769349622: Opening ipv6 listen socket on port 1883.
1769349622: Opening websockets listen socket on port 9001.
1769349622: mosquitto version 2.0.22 running
1769349631: New connection from 172.26.0.1:64912 on port 1883.
1769349631: New client connected from 172.26.0.1:64912 as kiosk-nodered (p1, c1, k60, u'04d1c535-1b70-4a19-b31f-7cda18dcc8c6').
1769349632: New connection from ::1:58962 on port 1883.
1769349632: New client connected from ::1:58962 as auto-F6F7859E-6715-808E-0A90-A19CA436F564 (p2, c1, k60, u'admin').
1769349632: Client auto-F6F7859E-6715-808E-0A90-A19CA436F564 disconnected.
1769349637: New connection from ::1:58976 on port 1883.
1769349637: Client auto-6C83D96B-1B9C-9081-072E-3C2872F43457 disconnected, not authorised.
1769349645: New connection from ::1:48412 on port 1883.
1769349645: New client connected from ::1:48412 as auto-519E9B26-0B41-8E64-CE0C-3F1E1E5E402A (p2, c1, k60, u'admin').
1769349646: New connection from ::1:48420 on port 1883.
1769349646: New client connected from ::1:48420 as auto-8E26E0C1-9E2C-97A8-9A1B-946353FAF10C (p2, c1, k60, u'admin').
1769349646: Client auto-8E26E0C1-9E2C-97A8-9A1B-946353FAF10C disconnected.
1769349646: Client auto-519E9B26-0B41-8E64-CE0C-3F1E1E5E402A disconnected.
1769349651: New connection from ::1:44978 on port 1883.
1769349651: New client connected from ::1:44978 as auto-7DAAFBDE-E7E2-7DC2-BB36-2FE907507B9A (p2, c1, k60, u'admin').
1769349652: New connection from ::1:44994 on port 1883.
1769349652: New client connected from ::1:44994 as auto-4867A3AB-CD9E-CA1F-8316-517D2D9B5F5A (p2, c1, k60, u'admin').
1769349652: Client auto-4867A3AB-CD9E-CA1F-8316-517D2D9B5F5A disconnected.
1769349652: Client auto-7DAAFBDE-E7E2-7DC2-BB36-2FE907507B9A disconnected.
1769349657: New connection from ::1:45004 on port 1883.
1769349657: New client connected from ::1:45004 as auto-198B05E6-C07E-2042-2BAF-3047DF715E6A (p2, c1, k60, u'admin').
1769349677: Client auto-198B05E6-C07E-2042-2BAF-3047DF715E6A disconnected.
1769349683: New connection from ::1:48392 on port 1883.
1769349683: New client connected from ::1:48392 as auto-6CA99262-58D0-2527-C050-EE7B8FBA0B48 (p2, c1, k60, u'admin').
1769349701: Client auto-6CA99262-58D0-2527-C050-EE7B8FBA0B48 disconnected.
1769349832: Client kiosk-nodered disconnected.
1769349832: New connection from ::1:44080 on port 1883.
1769349832: New client connected from ::1:44080 as auto-B318D039-7036-B89C-4FF9-E52DBA8F908B (p2, c1, k60, u'admin').
1769349836: New connection from 172.26.0.1:58130 on port 1883.
1769349836: New client connected from 172.26.0.1:58130 as kiosk-nodered (p1, c1, k60, u'04d1c535-1b70-4a19-b31f-7cda18dcc8c6').
1769349841: Client auto-B318D039-7036-B89C-4FF9-E52DBA8F908B disconnected.
1769349841: New connection from ::1:55148 on port 1883.
1769349841: New client connected from ::1:55148 as auto-88E5FE20-429F-1BF2-34A4-40121CF66365 (p2, c1, k60, u'admin').
1769349841: Client auto-88E5FE20-429F-1BF2-34A4-40121CF66365 disconnected.
1769349841: New connection from ::1:55156 on port 1883.
1769349841: New client connected from ::1:55156 as auto-BA057C06-990C-34AF-98DE-B80B4F4E4D57 (p2, c1, k60, u'admin').
1769349861: Client auto-BA057C06-990C-34AF-98DE-B80B4F4E4D57 disconnected.
1769349882: New connection from ::1:37202 on port 1883.
1769349882: New client connected from ::1:37202 as auto-8BB1032A-7898-7E4B-64A5-9D7B6EAC76EE (p2, c1, k60, u'admin').
1769349883: New connection from ::1:37218 on port 1883.
1769349883: New client connected from ::1:37218 as auto-89CE7715-BF65-E542-E381-1E9889E7790E (p2, c1, k60, u'admin').
1769349883: Client auto-89CE7715-BF65-E542-E381-1E9889E7790E disconnected.
1769349883: Client auto-8BB1032A-7898-7E4B-64A5-9D7B6EAC76EE disconnected.
1769350300: New connection from 172.26.0.1:59032 on port 1883.
1769350300: New client connected from 172.26.0.1:59032 as admin-platform (p2, c1, k60, u'admin').
1769350343: Client admin-platform closed its connection.
1769350344: New connection from 172.26.0.1:57096 on port 1883.
1769350344: New client connected from 172.26.0.1:57096 as admin-platform (p2, c1, k60, u'admin').
1769350694: Client admin-platform closed its connection.
1769350695: New connection from 172.26.0.1:63770 on port 1883.
1769350695: New client connected from 172.26.0.1:63770 as admin-platform (p2, c1, k60, u'admin').
1769350729: Client kiosk-nodered disconnected.
1769350762: New connection from 172.26.0.1:62520 on port 1883.
1769350762: New client connected from 172.26.0.1:62520 as kiosk-nodered (p1, c1, k60, u'04d1c535-1b70-4a19-b31f-7cda18dcc8c6').
1769350763: Client kiosk-nodered disconnected.
1769350768: New connection from 172.26.0.1:62530 on port 1883.
1769350768: New client connected from 172.26.0.1:62530 as kiosk-nodered (p1, c1, k60, u'04d1c535-1b70-4a19-b31f-7cda18dcc8c6').
1769351149: Client kiosk-nodered disconnected.
1769351216: New connection from 172.26.0.1:59524 on port 1883.
1769351216: New client connected from 172.26.0.1:59524 as kiosk-nodered (p1, c1, k60, u'04d1c535-1b70-4a19-b31f-7cda18dcc8c6').
1769351351: New connection from ::1:39812 on port 1883.
1769351351: New client connected from ::1:39812 as auto-FC946E77-2BCD-BE51-E25C-A01C46778CFD (p2, c1, k60, u'admin').
1769351352: New connection from ::1:39820 on port 1883.
1769351352: New client connected from ::1:39820 as auto-558D8FF9-FE35-6813-0A04-22DA20D1C553 (p2, c1, k60, u'admin').
1769351352: Client auto-558D8FF9-FE35-6813-0A04-22DA20D1C553 disconnected.
1769351353: Client auto-FC946E77-2BCD-BE51-E25C-A01C46778CFD disconnected.
1769351360: New connection from ::1:38956 on port 1883.
1769351360: New client connected from ::1:38956 as auto-8D89D69A-CEA1-2FDA-A75A-F7921E161866 (p2, c1, k60, u'admin').
1769351361: New connection from ::1:38960 on port 1883.
1769351361: New client connected from ::1:38960 as auto-69D091CB-C133-FEA8-9A59-06439D6E6F03 (p2, c1, k60, u'admin').
1769351361: Client auto-69D091CB-C133-FEA8-9A59-06439D6E6F03 disconnected.
1769351361: Client auto-8D89D69A-CEA1-2FDA-A75A-F7921E161866 disconnected.
1769351377: New connection from ::1:55890 on port 1883.
1769351377: New client connected from ::1:55890 as auto-A02051BA-7848-420F-5585-8CAFEA60F387 (p2, c1, k60, u'admin').
1769351378: New connection from ::1:55904 on port 1883.
1769351378: New client connected from ::1:55904 as auto-041E68F4-E156-AB23-F617-300547C5412C (p2, c1, k60, u'admin').
1769351378: Client auto-041E68F4-E156-AB23-F617-300547C5412C disconnected.
1769351378: Client auto-A02051BA-7848-420F-5585-8CAFEA60F387 disconnected.
1769351409: New connection from ::1:58970 on port 1883.
1769351409: New client connected from ::1:58970 as auto-879DA40D-43E5-922C-1E8B-86898846D436 (p2, c1, k60, u'admin').
1769351410: New connection from ::1:49702 on port 1883.
1769351410: New client connected from ::1:49702 as auto-D9E61089-036F-CA1B-9DCC-527974F87F1F (p2, c1, k60, u'admin').
1769351410: Client auto-D9E61089-036F-CA1B-9DCC-527974F87F1F disconnected.
1769351410: Client auto-879DA40D-43E5-922C-1E8B-86898846D436 disconnected.
1769351423: Saving in-memory database to /mosquitto/data//mosquitto.db.
1769351427: Client admin-platform closed its connection.
1769351428: New connection from 172.26.0.1:55042 on port 1883.
1769351428: New client connected from 172.26.0.1:55042 as admin-platform (p2, c1, k60, u'admin').
1769352706: Client admin-platform closed its connection.
1769352707: New connection from 172.26.0.1:65168 on port 1883.
1769352707: New client connected from 172.26.0.1:65168 as admin-platform (p2, c1, k60, u'admin').
1769353224: Saving in-memory database to /mosquitto/data//mosquitto.db.
